<?xml version="1.0" encoding="UTF-8"?>
<!-- Generated by org.testng.reporters.JUnitReportReporter -->
<testsuite hostname="Bismillah-PC" name="com.simplemaven.framework.sampleselenium.SampleTest" tests="1" failures="0" timestamp="4 Feb 2018 18:32:37 GMT" time="6.789" errors="0">
  <testcase name="Login" time="6.789" classname="com.simplemaven.framework.sampleselenium.SampleTest"/>
</testsuite> <!-- com.simplemaven.framework.sampleselenium.SampleTest -->
