<?xml version="1.0" encoding="UTF-8"?>
<!-- Generated by org.testng.reporters.JUnitReportReporter -->
<testsuite hostname="Tauheed-PC" name="com.simplemaven.framework.sampleselenium.SampleTest" tests="1" failures="0" timestamp="9 Sep 2020 21:29:15 GMT" time="11.201" errors="0">
  <testcase name="Login" time="11.201" classname="com.simplemaven.framework.sampleselenium.SampleTest"/>
</testsuite> <!-- com.simplemaven.framework.sampleselenium.SampleTest -->
